<?xml version="1.0" encoding="UTF-8"?>
<!-- Generated by org.testng.reporters.JUnitReportReporter -->
<testsuite hostname="ad-PC" name="com.powerhouse.testcases.DifferentPaymentOption_powersite" tests="1" failures="0" timestamp="23 Aug 2017 09:16:49 GMT" time="81.115" errors="0">
  <testcase name="creditcardNewOption" time="81.115" classname="com.powerhouse.testcases.DifferentPaymentOption_powersite"/>
</testsuite> <!-- com.powerhouse.testcases.DifferentPaymentOption_powersite -->
