<?xml version="1.0" encoding="UTF-8"?>
<!-- Generated by org.testng.reporters.JUnitReportReporter -->
<testsuite hostname="ad-PC" name="com.powerhouse.testcases.MultipleRegistration" tests="4" failures="0" timestamp="11 Aug 2017 11:34:49 GMT" time="92.218" errors="0">
  <testcase name="registration" time="9.372" classname="com.powerhouse.testcases.MultipleRegistration"/>
  <testcase name="registration" time="22.024" classname="com.powerhouse.testcases.MultipleRegistration"/>
  <testcase name="registration" time="20.509" classname="com.powerhouse.testcases.MultipleRegistration"/>
  <testcase name="registration" time="40.313" classname="com.powerhouse.testcases.MultipleRegistration"/>
</testsuite> <!-- com.powerhouse.testcases.MultipleRegistration -->
