<?xml version="1.0" encoding="UTF-8"?>
<!-- Generated by org.testng.reporters.JUnitReportReporter -->
<testsuite hostname="ad-PC" name="com.powerhouse.SingleRegistration" tests="1" failures="0" timestamp="4 Aug 2017 11:38:39 GMT" time="29.178" errors="0">
  <testcase name="registration" time="29.178" classname="com.powerhouse.SingleRegistration"/>
</testsuite> <!-- com.powerhouse.SingleRegistration -->
