<?xml version="1.0" encoding="UTF-8"?>
<!-- Generated by org.testng.reporters.JUnitReportReporter -->
<testsuite hostname="ad-PC" name="com.powerhouse.testcases.PurchasePowersiteSubscription" tests="1" failures="0" timestamp="11 Aug 2017 11:43:12 GMT" time="98.416" errors="0">
  <testcase name="purchsepowersite" time="98.416" classname="com.powerhouse.testcases.PurchasePowersiteSubscription"/>
</testsuite> <!-- com.powerhouse.testcases.PurchasePowersiteSubscription -->
