<?xml version="1.0" encoding="UTF-8"?>
<!-- Generated by org.testng.reporters.JUnitReportReporter -->
<testsuite hostname="ad-PC" name="com.powerhouse.testcases.ImageUpload" tests="2" failures="0" timestamp="22 Aug 2017 12:34:42 GMT" time="30.191" errors="0">
  <testcase name="clearingIMage" time="26.691" classname="com.powerhouse.testcases.ImageUpload"/>
  <testcase name="addingCoverImage" time="3.500" classname="com.powerhouse.testcases.ImageUpload"/>
</testsuite> <!-- com.powerhouse.testcases.ImageUpload -->
