<?xml version="1.0" encoding="UTF-8"?>
<!-- Generated by org.testng.reporters.JUnitReportReporter -->
<testsuite hostname="ad-PC" name="com.powerhouse.Registration" tests="4" failures="0" timestamp="4 Aug 2017 12:35:28 GMT" time="86.920" errors="0">
  <testcase name="registration" time="25.427" classname="com.powerhouse.Registration"/>
  <testcase name="registration" time="25.621" classname="com.powerhouse.Registration"/>
  <testcase name="registration" time="27.319" classname="com.powerhouse.Registration"/>
  <testcase name="registration" time="8.553" classname="com.powerhouse.Registration"/>
</testsuite> <!-- com.powerhouse.Registration -->
