<?xml version="1.0" encoding="UTF-8"?>
<!-- Generated by org.testng.reporters.JUnitReportReporter -->
<testsuite hostname="ad-PC" name="com.powerhouse.testcases.RegistrationAndLogin" tests="1" failures="0" timestamp="17 Aug 2017 04:33:01 GMT" time="158.068" errors="0">
  <testcase name="loginPowerhouse" time="158.068" classname="com.powerhouse.testcases.RegistrationAndLogin"/>
</testsuite> <!-- com.powerhouse.testcases.RegistrationAndLogin -->
